<?xml version="1.0" encoding="UTF-8"?>
<!-- Generated by org.testng.reporters.JUnitReportReporter -->
<testsuite hostname="DESKTOP-P80TPNI" failures="0" tests="1" name="testCases.TC_001_AccountRegistration" time="5.086" errors="0" timestamp="2022-01-04T22:54:56 EST" skipped="0">
  <testcase classname="testCases.TC_001_AccountRegistration" name="test_account_registration" time="5.086"/>
  <system-out/>
</testsuite> <!-- testCases.TC_001_AccountRegistration -->
