<?xml version="1.0" encoding="UTF-8"?>
<!-- Generated by org.testng.reporters.JUnitReportReporter -->
<testsuite hostname="DESKTOP-P80TPNI" failures="0" tests="1" name="testCases.TC_002_Login" time="4.013" errors="0" timestamp="2022-01-04T23:18:22 EST" skipped="0">
  <testcase classname="testCases.TC_002_Login" name="test_Login" time="4.013"/>
  <system-out/>
</testsuite> <!-- testCases.TC_002_Login -->
