<?xml version="1.0" encoding="UTF-8"?>
<!-- Generated by org.testng.reporters.JUnitReportReporter -->
<testsuite skipped="0" hostname="DESKTOP-P80TPNI" name="testCases.TC_002_Login" tests="1" failures="0" timestamp="2022-01-05T22:20:55 EST" time="4.413" errors="0">
  <testcase name="test_Login" time="4.413" classname="testCases.TC_002_Login"/>
  <system-out/>
</testsuite> <!-- testCases.TC_002_Login -->
